# JRE version: Java(TM) SE Runtime Environment (21.0.1+12) (build 21.0.1+12-LTS-29)
# Java VM: Java HotSpot(TM) 64-Bit Server VM (21.0.1+12-LTS-29, mixed mode, emulated-client, sharing, tiered, compressed oops, compressed class ptrs, g1 gc, windows-amd64)
GC Precious Log:
 CardTable entry size: 512
 Card Set container configuration: InlinePtr #cards 5 size 8 Array Of Cards #cards 12 size 40 Howl #buckets 4 coarsen threshold 1843 Howl Bitmap #cards 512 size 80 coarsen threshold 460 Card regions per heap region 1 cards per card region 2048
 CPUs: 4 total, 4 available
 Memory: 8055M
 Large Page Support: Disabled
 NUMA Support: Disabled
 Compressed Oops: Enabled (32-bit)
 Heap Region Size: 1M
 Heap Min Capacity: 8M
 Heap Initial Capacity: 126M
 Heap Max Capacity: 2014M
 Pre-touch: Disabled
 Parallel Workers: 4
 Concurrent Workers: 1
 Concurrent Refinement Workers: 4
 Periodic GC: Disabled
Heap:
 garbage-first heap   total 51200K, used 37796K [0x0000000082200000, 0x0000000100000000)
  region size 1024K, 25 young (25600K), 0 survivors (0K)
 Metaspace       used 36582K, committed 37440K, reserved 1114112K
  class space    used 4830K, committed 5184K, reserved 1048576K
GC Heap History (20 events):
Event: 3.032 GC heap before
{Heap before GC invocations=3 (full 0):
 garbage-first heap   total 129024K, used 28047K [0x0000000082200000, 0x0000000100000000)
  region size 1024K, 25 young (25600K), 4 survivors (4096K)
 Metaspace       used 21118K, committed 21504K, reserved 1114112K
  class space    used 2658K, committed 2816K, reserved 1048576K
}
Event: 3.039 GC heap after
{Heap after GC invocations=4 (full 0):
 garbage-first heap   total 129024K, used 10413K [0x0000000082200000, 0x0000000100000000)
  region size 1024K, 6 young (6144K), 6 survivors (6144K)
 Metaspace       used 21118K, committed 21504K, reserved 1114112K
  class space    used 2658K, committed 2816K, reserved 1048576K
}
Event: 3.551 GC heap before
{Heap before GC invocations=5 (full 0):
 garbage-first heap   total 45056K, used 29869K [0x0000000082200000, 0x0000000100000000)
  region size 1024K, 26 young (26624K), 6 survivors (6144K)
 Metaspace       used 24986K, committed 25408K, reserved 1114112K
  class space    used 3230K, committed 3456K, reserved 1048576K
}
Event: 3.562 GC heap after
{Heap after GC invocations=6 (full 0):
 garbage-first heap   total 45056K, used 12125K [0x0000000082200000, 0x0000000100000000)
  region size 1024K, 4 young (4096K), 4 survivors (4096K)
 Metaspace       used 24986K, committed 25408K, reserved 1114112K
  class space    used 3230K, committed 3456K, reserved 1048576K
}
Event: 4.241 GC heap before
{Heap before GC invocations=6 (full 0):
 garbage-first heap   total 45056K, used 33629K [0x0000000082200000, 0x0000000100000000)
  region size 1024K, 25 young (25600K), 4 survivors (4096K)
 Metaspace       used 27598K, committed 28096K, reserved 1114112K
  class space    used 3606K, committed 3840K, reserved 1048576K
}
Event: 4.249 GC heap after
{Heap after GC invocations=7 (full 0):
 garbage-first heap   total 45056K, used 13492K [0x0000000082200000, 0x0000000100000000)
  region size 1024K, 4 young (4096K), 4 survivors (4096K)
 Metaspace       used 27598K, committed 28096K, reserved 1114112K
  class space    used 3606K, committed 3840K, reserved 1048576K
}
Event: 4.879 GC heap before
{Heap before GC invocations=7 (full 0):
 garbage-first heap   total 45056K, used 34996K [0x0000000082200000, 0x0000000100000000)
  region size 1024K, 25 young (25600K), 4 survivors (4096K)
 Metaspace       used 31614K, committed 32192K, reserved 1114112K
  class space    used 4158K, committed 4416K, reserved 1048576K
}
Event: 4.887 GC heap after
{Heap after GC invocations=8 (full 0):
 garbage-first heap   total 45056K, used 15546K [0x0000000082200000, 0x0000000100000000)
  region size 1024K, 4 young (4096K), 4 survivors (4096K)
 Metaspace       used 31614K, committed 32192K, reserved 1114112K
  class space    used 4158K, committed 4416K, reserved 1048576K
}
Event: 5.594 GC heap before
{Heap before GC invocations=8 (full 0):
 garbage-first heap   total 45056K, used 36026K [0x0000000082200000, 0x0000000100000000)
  region size 1024K, 24 young (24576K), 4 survivors (4096K)
 Metaspace       used 34955K, committed 35584K, reserved 1114112K
  class space    used 4635K, committed 4928K, reserved 1048576K
}
Event: 5.604 GC heap after
{Heap after GC invocations=9 (full 0):
 garbage-first heap   total 54272K, used 17737K [0x0000000082200000, 0x0000000100000000)
  region size 1024K, 3 young (3072K), 3 survivors (3072K)
 Metaspace       used 34955K, committed 35584K, reserved 1114112K
  class space    used 4635K, committed 4928K, reserved 1048576K
}
Event: 23.524 GC heap before
{Heap before GC invocations=9 (full 0):
 garbage-first heap   total 54272K, used 19785K [0x0000000082200000, 0x0000000100000000)
  region size 1024K, 6 young (6144K), 3 survivors (3072K)
 Metaspace       used 35602K, committed 36288K, reserved 1114112K
  class space    used 4710K, committed 5056K, reserved 1048576K
}
Event: 23.529 GC heap after
{Heap after GC invocations=10 (full 0):
 garbage-first heap   total 54272K, used 18050K [0x0000000082200000, 0x0000000100000000)
  region size 1024K, 1 young (1024K), 1 survivors (1024K)
 Metaspace       used 35602K, committed 36288K, reserved 1114112K
  class space    used 4710K, committed 5056K, reserved 1048576K
}
Event: 199.789 GC heap before
{Heap before GC invocations=11 (full 0):
 garbage-first heap   total 54272K, used 24194K [0x0000000082200000, 0x0000000100000000)
  region size 1024K, 8 young (8192K), 1 survivors (1024K)
 Metaspace       used 36757K, committed 37440K, reserved 1114112K
  class space    used 4876K, committed 5184K, reserved 1048576K
}
Event: 199.839 GC heap after
{Heap after GC invocations=12 (full 1):
 garbage-first heap   total 54272K, used 15456K [0x0000000082200000, 0x0000000100000000)
  region size 1024K, 0 young (0K), 0 survivors (0K)
 Metaspace       used 36757K, committed 37440K, reserved 1114112K
  class space    used 4876K, committed 5184K, reserved 1048576K
}
Event: 227.755 GC heap before
{Heap before GC invocations=12 (full 1):
 garbage-first heap   total 54272K, used 42080K [0x0000000082200000, 0x0000000100000000)
  region size 1024K, 28 young (28672K), 0 survivors (0K)
 Metaspace       used 36806K, committed 37504K, reserved 1114112K
  class space    used 4887K, committed 5184K, reserved 1048576K
}
Event: 227.829 GC heap after
{Heap after GC invocations=13 (full 2):
 garbage-first heap   total 54272K, used 15899K [0x0000000082200000, 0x0000000100000000)
  region size 1024K, 0 young (0K), 0 survivors (0K)
 Metaspace       used 36463K, committed 37504K, reserved 1114112K
  class space    used 4800K, committed 5184K, reserved 1048576K
}
Event: 394.865 GC heap before
{Heap before GC invocations=13 (full 2):
 garbage-first heap   total 54272K, used 45595K [0x0000000082200000, 0x0000000100000000)
  region size 1024K, 29 young (29696K), 0 survivors (0K)
 Metaspace       used 36498K, committed 37504K, reserved 1114112K
  class space    used 4807K, committed 5184K, reserved 1048576K
}
Event: 394.869 GC heap after
{Heap after GC invocations=14 (full 2):
 garbage-first heap   total 54272K, used 18478K [0x0000000082200000, 0x0000000100000000)
  region size 1024K, 3 young (3072K), 3 survivors (3072K)
 Metaspace       used 36498K, committed 37504K, reserved 1114112K
  class space    used 4807K, committed 5184K, reserved 1048576K
}
Event: 1228.105 GC heap before
{Heap before GC invocations=14 (full 2):
 garbage-first heap   total 54272K, used 25646K [0x0000000082200000, 0x0000000100000000)
  region size 1024K, 11 young (11264K), 3 survivors (3072K)
 Metaspace       used 36501K, committed 37504K, reserved 1114112K
  class space    used 4807K, committed 5184K, reserved 1048576K
}
Event: 1228.156 GC heap after
{Heap after GC invocations=15 (full 3):
 garbage-first heap   total 51200K, used 14244K [0x0000000082200000, 0x0000000100000000)
  region size 1024K, 0 young (0K), 0 survivors (0K)
 Metaspace       used 36423K, committed 37440K, reserved 1114112K
  class space    used 4788K, committed 5184K, reserved 1048576K
}

